c:\Users\_-walid-_\documents\visual studio 11\Projects\Alg_repo\Alg_repo\Debug\Alg_repo.MainForm.resources
C:\Users\_-WALID-_\Documents\Visual Studio 11\Projects\Alg_repo\Alg_repo\Debug\Alg_repo.MainForm.resources
C:\Users\_-WALID-_\Documents\Visual Studio 11\Projects\Alg_repo\Alg_repo\Debug\Alg_repo.Maze.resources
C:\Users\_-WALID-_\documents\visual studio 11\Projects\Alg_repo\Alg_repo\Debug\Alg_repo.MainForm.resources
C:\Users\_-WALID-_\documents\visual studio 11\Projects\Alg_repo\Alg_repo\Debug\Alg_repo.Maze.resources
C:\git_project\Algorithm_Project\Alg_repo\Debug\Alg_repo.MainForm.resources
C:\git_project\Algorithm_Project\Alg_repo\Debug\Alg_repo.Maze.resources
C:\git_project\Algorithm_Project\Alg_repo\Debug\Alg_repo.MScholership.resources
C:\git_project\Algorithm_Project\Alg_repo\Debug\Alg_repo.MScholer_FirstInfo.resources
C:\USERS\_-WALID-_\DOCUMENTS\VISUAL STUDIO 11\PROJECTS\ALG_REPO\ALG_REPO\DEBUG\.NETFRAMEWORK,VERSION=V4.5.ASSEMBLYATTRIBUTES.OBJ
C:\USERS\_-WALID-_\DOCUMENTS\VISUAL STUDIO 11\PROJECTS\ALG_REPO\ALG_REPO\DEBUG\VC110.PDB
C:\USERS\_-WALID-_\DOCUMENTS\VISUAL STUDIO 11\PROJECTS\ALG_REPO\ALG_REPO\DEBUG\MAINFORM.OBJ
C:\USERS\_-WALID-_\DOCUMENTS\VISUAL STUDIO 11\PROJECTS\ALG_REPO\ALG_REPO\DEBUG\MAIN.OBJ
C:\USERS\_-WALID-_\DOCUMENTS\VISUAL STUDIO 11\PROJECTS\ALG_REPO\ALG_REPO\DEBUG\MAZE.OBJ
C:\GIT_PROJECT\ALGORITHM_PROJECT\ALG_REPO\DEBUG\MAZE_STRUCTURE.OBJ
C:\GIT_PROJECT\ALGORITHM_PROJECT\ALG_REPO\DEBUG\MAZE.OBJ
C:\GIT_PROJECT\ALGORITHM_PROJECT\ALG_REPO\DEBUG\MAINFORM.OBJ
C:\GIT_PROJECT\ALGORITHM_PROJECT\ALG_REPO\DEBUG\MAIN.OBJ
C:\GIT_PROJECT\ALGORITHM_PROJECT\ALG_REPO\DEBUG\VC110.PDB
C:\GIT_PROJECT\ALGORITHM_PROJECT\ALG_REPO\DEBUG\MSCHOLERSHIP.OBJ
C:\GIT_PROJECT\ALGORITHM_PROJECT\ALG_REPO\DEBUG\MSCHOLER_FIRSTINFO.OBJ
C:\USERS\_-WALID-_\DOCUMENTS\VISUAL STUDIO 11\PROJECTS\ALG_REPO\DEBUG\ALG_REPO.ILK
C:\USERS\_-WALID-_\DOCUMENTS\VISUAL STUDIO 11\PROJECTS\ALG_REPO\DEBUG\ALG_REPO.EXE
C:\USERS\_-WALID-_\DOCUMENTS\VISUAL STUDIO 11\PROJECTS\ALG_REPO\DEBUG\ALG_REPO.PDB
C:\git_project\Algorithm_Project\Alg_repo\Debug\Alg_repo.vcxproj.GenerateResource.Cache
C:\git_project\Algorithm_Project\Alg_repo\Debug\Alg_repo.vcxprojResolveAssemblyReference.cache
C:\git_project\Algorithm_Project\Alg_repo\Debug\.NETFramework,Version=v4.5.AssemblyAttributes.obj
C:\git_project\Algorithm_Project\Alg_repo\Debug\Main.obj
C:\git_project\Algorithm_Project\Alg_repo\Debug\MainForm.obj
C:\git_project\Algorithm_Project\Alg_repo\Debug\Maze.obj
C:\git_project\Algorithm_Project\Alg_repo\Debug\Maze_Structure.obj
C:\git_project\Algorithm_Project\Alg_repo\Debug\MScholership.obj
C:\git_project\Algorithm_Project\Alg_repo\Debug\MScholer_FirstInfo.obj
C:\git_project\Algorithm_Project\Alg_repo\Debug\Alg_repo.write.1.tlog
C:\git_project\Algorithm_Project\Alg_repo\Debug\cl.command.1.tlog
C:\git_project\Algorithm_Project\Alg_repo\Debug\CL.read.1.tlog
C:\git_project\Algorithm_Project\Alg_repo\Debug\CL.write.1.tlog
C:\git_project\Algorithm_Project\Alg_repo\Debug\link.1036-cvtres.read.1.tlog
C:\git_project\Algorithm_Project\Alg_repo\Debug\link.1036-cvtres.write.1.tlog
C:\git_project\Algorithm_Project\Alg_repo\Debug\link.1036-rc.read.1.tlog
C:\git_project\Algorithm_Project\Alg_repo\Debug\link.1036-rc.write.1.tlog
C:\git_project\Algorithm_Project\Alg_repo\Debug\link.1036.read.1.tlog
C:\git_project\Algorithm_Project\Alg_repo\Debug\link.1036.write.1.tlog
C:\git_project\Algorithm_Project\Alg_repo\Debug\link.1132-cvtres.read.1.tlog
C:\git_project\Algorithm_Project\Alg_repo\Debug\link.1132-cvtres.write.1.tlog
C:\git_project\Algorithm_Project\Alg_repo\Debug\link.1132-rc.read.1.tlog
C:\git_project\Algorithm_Project\Alg_repo\Debug\link.1132-rc.write.1.tlog
C:\git_project\Algorithm_Project\Alg_repo\Debug\link.1132.read.1.tlog
C:\git_project\Algorithm_Project\Alg_repo\Debug\link.1132.write.1.tlog
C:\git_project\Algorithm_Project\Alg_repo\Debug\link.1212-cvtres.read.1.tlog
C:\git_project\Algorithm_Project\Alg_repo\Debug\link.1212-cvtres.write.1.tlog
C:\git_project\Algorithm_Project\Alg_repo\Debug\link.1212-rc.read.1.tlog
C:\git_project\Algorithm_Project\Alg_repo\Debug\link.1212-rc.write.1.tlog
C:\git_project\Algorithm_Project\Alg_repo\Debug\link.1212.read.1.tlog
C:\git_project\Algorithm_Project\Alg_repo\Debug\link.1212.write.1.tlog
C:\git_project\Algorithm_Project\Alg_repo\Debug\link.1328-cvtres.read.1.tlog
C:\git_project\Algorithm_Project\Alg_repo\Debug\link.1328-cvtres.write.1.tlog
C:\git_project\Algorithm_Project\Alg_repo\Debug\link.1328-rc.read.1.tlog
C:\git_project\Algorithm_Project\Alg_repo\Debug\link.1328-rc.write.1.tlog
C:\git_project\Algorithm_Project\Alg_repo\Debug\link.1328.read.1.tlog
C:\git_project\Algorithm_Project\Alg_repo\Debug\link.1328.write.1.tlog
C:\git_project\Algorithm_Project\Alg_repo\Debug\link.1444-cvtres.read.1.tlog
C:\git_project\Algorithm_Project\Alg_repo\Debug\link.1444-cvtres.write.1.tlog
C:\git_project\Algorithm_Project\Alg_repo\Debug\link.1444-rc.read.1.tlog
C:\git_project\Algorithm_Project\Alg_repo\Debug\link.1444-rc.write.1.tlog
C:\git_project\Algorithm_Project\Alg_repo\Debug\link.1444.read.1.tlog
C:\git_project\Algorithm_Project\Alg_repo\Debug\link.1444.write.1.tlog
C:\git_project\Algorithm_Project\Alg_repo\Debug\link.1560-cvtres.read.1.tlog
C:\git_project\Algorithm_Project\Alg_repo\Debug\link.1560-cvtres.write.1.tlog
C:\git_project\Algorithm_Project\Alg_repo\Debug\link.1560-rc.read.1.tlog
C:\git_project\Algorithm_Project\Alg_repo\Debug\link.1560-rc.write.1.tlog
C:\git_project\Algorithm_Project\Alg_repo\Debug\link.1560.read.1.tlog
C:\git_project\Algorithm_Project\Alg_repo\Debug\link.1560.write.1.tlog
C:\git_project\Algorithm_Project\Alg_repo\Debug\link.1860-cvtres.read.1.tlog
C:\git_project\Algorithm_Project\Alg_repo\Debug\link.1860-cvtres.write.1.tlog
C:\git_project\Algorithm_Project\Alg_repo\Debug\link.1860-rc.read.1.tlog
C:\git_project\Algorithm_Project\Alg_repo\Debug\link.1860-rc.write.1.tlog
C:\git_project\Algorithm_Project\Alg_repo\Debug\link.1860.read.1.tlog
C:\git_project\Algorithm_Project\Alg_repo\Debug\link.1860.write.1.tlog
C:\git_project\Algorithm_Project\Alg_repo\Debug\link.2032-cvtres.read.1.tlog
C:\git_project\Algorithm_Project\Alg_repo\Debug\link.2032-cvtres.write.1.tlog
C:\git_project\Algorithm_Project\Alg_repo\Debug\link.2032-rc.read.1.tlog
C:\git_project\Algorithm_Project\Alg_repo\Debug\link.2032-rc.write.1.tlog
C:\git_project\Algorithm_Project\Alg_repo\Debug\link.2032.read.1.tlog
C:\git_project\Algorithm_Project\Alg_repo\Debug\link.2032.write.1.tlog
C:\git_project\Algorithm_Project\Alg_repo\Debug\link.2072-cvtres.read.1.tlog
C:\git_project\Algorithm_Project\Alg_repo\Debug\link.2072-cvtres.write.1.tlog
C:\git_project\Algorithm_Project\Alg_repo\Debug\link.2072-rc.read.1.tlog
C:\git_project\Algorithm_Project\Alg_repo\Debug\link.2072-rc.write.1.tlog
C:\git_project\Algorithm_Project\Alg_repo\Debug\link.2072.read.1.tlog
C:\git_project\Algorithm_Project\Alg_repo\Debug\link.2072.write.1.tlog
C:\git_project\Algorithm_Project\Alg_repo\Debug\link.2180-cvtres.read.1.tlog
C:\git_project\Algorithm_Project\Alg_repo\Debug\link.2180-cvtres.write.1.tlog
C:\git_project\Algorithm_Project\Alg_repo\Debug\link.2180-rc.read.1.tlog
C:\git_project\Algorithm_Project\Alg_repo\Debug\link.2180-rc.write.1.tlog
C:\git_project\Algorithm_Project\Alg_repo\Debug\link.2180.read.1.tlog
C:\git_project\Algorithm_Project\Alg_repo\Debug\link.2180.write.1.tlog
C:\git_project\Algorithm_Project\Alg_repo\Debug\link.2228-cvtres.read.1.tlog
C:\git_project\Algorithm_Project\Alg_repo\Debug\link.2228-cvtres.write.1.tlog
C:\git_project\Algorithm_Project\Alg_repo\Debug\link.2228-rc.read.1.tlog
C:\git_project\Algorithm_Project\Alg_repo\Debug\link.2228-rc.write.1.tlog
C:\git_project\Algorithm_Project\Alg_repo\Debug\link.2228.read.1.tlog
C:\git_project\Algorithm_Project\Alg_repo\Debug\link.2228.write.1.tlog
C:\git_project\Algorithm_Project\Alg_repo\Debug\link.2312-cvtres.read.1.tlog
C:\git_project\Algorithm_Project\Alg_repo\Debug\link.2312-cvtres.write.1.tlog
C:\git_project\Algorithm_Project\Alg_repo\Debug\link.2312-rc.read.1.tlog
C:\git_project\Algorithm_Project\Alg_repo\Debug\link.2312-rc.write.1.tlog
C:\git_project\Algorithm_Project\Alg_repo\Debug\link.2312.read.1.tlog
C:\git_project\Algorithm_Project\Alg_repo\Debug\link.2312.write.1.tlog
C:\git_project\Algorithm_Project\Alg_repo\Debug\link.2416-cvtres.read.1.tlog
C:\git_project\Algorithm_Project\Alg_repo\Debug\link.2416-cvtres.write.1.tlog
C:\git_project\Algorithm_Project\Alg_repo\Debug\link.2416-rc.read.1.tlog
C:\git_project\Algorithm_Project\Alg_repo\Debug\link.2416-rc.write.1.tlog
C:\git_project\Algorithm_Project\Alg_repo\Debug\link.2416.read.1.tlog
C:\git_project\Algorithm_Project\Alg_repo\Debug\link.2416.write.1.tlog
C:\git_project\Algorithm_Project\Alg_repo\Debug\link.2524-cvtres.read.1.tlog
C:\git_project\Algorithm_Project\Alg_repo\Debug\link.2524-cvtres.write.1.tlog
C:\git_project\Algorithm_Project\Alg_repo\Debug\link.2524-rc.read.1.tlog
C:\git_project\Algorithm_Project\Alg_repo\Debug\link.2524-rc.write.1.tlog
C:\git_project\Algorithm_Project\Alg_repo\Debug\link.2524.read.1.tlog
C:\git_project\Algorithm_Project\Alg_repo\Debug\link.2524.write.1.tlog
C:\git_project\Algorithm_Project\Alg_repo\Debug\link.2732-cvtres.read.1.tlog
C:\git_project\Algorithm_Project\Alg_repo\Debug\link.2732-cvtres.write.1.tlog
C:\git_project\Algorithm_Project\Alg_repo\Debug\link.2732-rc.read.1.tlog
C:\git_project\Algorithm_Project\Alg_repo\Debug\link.2732-rc.write.1.tlog
C:\git_project\Algorithm_Project\Alg_repo\Debug\link.2732.read.1.tlog
C:\git_project\Algorithm_Project\Alg_repo\Debug\link.2732.write.1.tlog
C:\git_project\Algorithm_Project\Alg_repo\Debug\link.2748-cvtres.read.1.tlog
C:\git_project\Algorithm_Project\Alg_repo\Debug\link.2748-cvtres.write.1.tlog
C:\git_project\Algorithm_Project\Alg_repo\Debug\link.2748-rc.read.1.tlog
C:\git_project\Algorithm_Project\Alg_repo\Debug\link.2748-rc.write.1.tlog
C:\git_project\Algorithm_Project\Alg_repo\Debug\link.2748.read.1.tlog
C:\git_project\Algorithm_Project\Alg_repo\Debug\link.2748.write.1.tlog
C:\git_project\Algorithm_Project\Alg_repo\Debug\link.2844-cvtres.read.1.tlog
C:\git_project\Algorithm_Project\Alg_repo\Debug\link.2844-cvtres.write.1.tlog
C:\git_project\Algorithm_Project\Alg_repo\Debug\link.2844-rc.read.1.tlog
C:\git_project\Algorithm_Project\Alg_repo\Debug\link.2844-rc.write.1.tlog
C:\git_project\Algorithm_Project\Alg_repo\Debug\link.2844.read.1.tlog
C:\git_project\Algorithm_Project\Alg_repo\Debug\link.2844.write.1.tlog
C:\git_project\Algorithm_Project\Alg_repo\Debug\link.2928-cvtres.read.1.tlog
C:\git_project\Algorithm_Project\Alg_repo\Debug\link.2928-cvtres.write.1.tlog
C:\git_project\Algorithm_Project\Alg_repo\Debug\link.2928-rc.read.1.tlog
C:\git_project\Algorithm_Project\Alg_repo\Debug\link.2928-rc.write.1.tlog
C:\git_project\Algorithm_Project\Alg_repo\Debug\link.2928.read.1.tlog
C:\git_project\Algorithm_Project\Alg_repo\Debug\link.2928.write.1.tlog
C:\git_project\Algorithm_Project\Alg_repo\Debug\link.296-cvtres.read.1.tlog
C:\git_project\Algorithm_Project\Alg_repo\Debug\link.296-cvtres.write.1.tlog
C:\git_project\Algorithm_Project\Alg_repo\Debug\link.296-rc.read.1.tlog
C:\git_project\Algorithm_Project\Alg_repo\Debug\link.296-rc.write.1.tlog
C:\git_project\Algorithm_Project\Alg_repo\Debug\link.296.read.1.tlog
C:\git_project\Algorithm_Project\Alg_repo\Debug\link.296.write.1.tlog
C:\git_project\Algorithm_Project\Alg_repo\Debug\link.3016.read.1.tlog
C:\git_project\Algorithm_Project\Alg_repo\Debug\link.3016.write.1.tlog
C:\git_project\Algorithm_Project\Alg_repo\Debug\link.3080-cvtres.read.1.tlog
C:\git_project\Algorithm_Project\Alg_repo\Debug\link.3080-cvtres.write.1.tlog
C:\git_project\Algorithm_Project\Alg_repo\Debug\link.3080-rc.read.1.tlog
C:\git_project\Algorithm_Project\Alg_repo\Debug\link.3080-rc.write.1.tlog
C:\git_project\Algorithm_Project\Alg_repo\Debug\link.3080.read.1.tlog
C:\git_project\Algorithm_Project\Alg_repo\Debug\link.3080.write.1.tlog
C:\git_project\Algorithm_Project\Alg_repo\Debug\link.3088-cvtres.read.1.tlog
C:\git_project\Algorithm_Project\Alg_repo\Debug\link.3088-cvtres.write.1.tlog
C:\git_project\Algorithm_Project\Alg_repo\Debug\link.3088-rc.read.1.tlog
C:\git_project\Algorithm_Project\Alg_repo\Debug\link.3088-rc.write.1.tlog
C:\git_project\Algorithm_Project\Alg_repo\Debug\link.3088.read.1.tlog
C:\git_project\Algorithm_Project\Alg_repo\Debug\link.3088.write.1.tlog
C:\git_project\Algorithm_Project\Alg_repo\Debug\link.3136-cvtres.read.1.tlog
C:\git_project\Algorithm_Project\Alg_repo\Debug\link.3136-cvtres.write.1.tlog
C:\git_project\Algorithm_Project\Alg_repo\Debug\link.3136-rc.read.1.tlog
C:\git_project\Algorithm_Project\Alg_repo\Debug\link.3136-rc.write.1.tlog
C:\git_project\Algorithm_Project\Alg_repo\Debug\link.3136.read.1.tlog
C:\git_project\Algorithm_Project\Alg_repo\Debug\link.3136.write.1.tlog
C:\git_project\Algorithm_Project\Alg_repo\Debug\link.3180-cvtres.read.1.tlog
C:\git_project\Algorithm_Project\Alg_repo\Debug\link.3180-cvtres.write.1.tlog
C:\git_project\Algorithm_Project\Alg_repo\Debug\link.3180-rc.read.1.tlog
C:\git_project\Algorithm_Project\Alg_repo\Debug\link.3180-rc.write.1.tlog
C:\git_project\Algorithm_Project\Alg_repo\Debug\link.3180.read.1.tlog
C:\git_project\Algorithm_Project\Alg_repo\Debug\link.3180.write.1.tlog
C:\git_project\Algorithm_Project\Alg_repo\Debug\link.3276-cvtres.read.1.tlog
C:\git_project\Algorithm_Project\Alg_repo\Debug\link.3276-cvtres.write.1.tlog
C:\git_project\Algorithm_Project\Alg_repo\Debug\link.3276-rc.read.1.tlog
C:\git_project\Algorithm_Project\Alg_repo\Debug\link.3276-rc.write.1.tlog
C:\git_project\Algorithm_Project\Alg_repo\Debug\link.3276.read.1.tlog
C:\git_project\Algorithm_Project\Alg_repo\Debug\link.3276.write.1.tlog
C:\git_project\Algorithm_Project\Alg_repo\Debug\link.3316-cvtres.read.1.tlog
C:\git_project\Algorithm_Project\Alg_repo\Debug\link.3316-cvtres.write.1.tlog
C:\git_project\Algorithm_Project\Alg_repo\Debug\link.3316-rc.read.1.tlog
C:\git_project\Algorithm_Project\Alg_repo\Debug\link.3316-rc.write.1.tlog
C:\git_project\Algorithm_Project\Alg_repo\Debug\link.3316.read.1.tlog
C:\git_project\Algorithm_Project\Alg_repo\Debug\link.3316.write.1.tlog
C:\git_project\Algorithm_Project\Alg_repo\Debug\link.3428-cvtres.read.1.tlog
C:\git_project\Algorithm_Project\Alg_repo\Debug\link.3428-cvtres.write.1.tlog
C:\git_project\Algorithm_Project\Alg_repo\Debug\link.3428-rc.read.1.tlog
C:\git_project\Algorithm_Project\Alg_repo\Debug\link.3428-rc.write.1.tlog
C:\git_project\Algorithm_Project\Alg_repo\Debug\link.3428.read.1.tlog
C:\git_project\Algorithm_Project\Alg_repo\Debug\link.3428.write.1.tlog
C:\git_project\Algorithm_Project\Alg_repo\Debug\link.3480-cvtres.read.1.tlog
C:\git_project\Algorithm_Project\Alg_repo\Debug\link.3480-cvtres.write.1.tlog
C:\git_project\Algorithm_Project\Alg_repo\Debug\link.3480-rc.read.1.tlog
C:\git_project\Algorithm_Project\Alg_repo\Debug\link.3480-rc.write.1.tlog
C:\git_project\Algorithm_Project\Alg_repo\Debug\link.3480.read.1.tlog
C:\git_project\Algorithm_Project\Alg_repo\Debug\link.3480.write.1.tlog
C:\git_project\Algorithm_Project\Alg_repo\Debug\link.3640-cvtres.read.1.tlog
C:\git_project\Algorithm_Project\Alg_repo\Debug\link.3640-cvtres.write.1.tlog
C:\git_project\Algorithm_Project\Alg_repo\Debug\link.3640-rc.read.1.tlog
C:\git_project\Algorithm_Project\Alg_repo\Debug\link.3640-rc.write.1.tlog
C:\git_project\Algorithm_Project\Alg_repo\Debug\link.3640.read.1.tlog
C:\git_project\Algorithm_Project\Alg_repo\Debug\link.3640.write.1.tlog
C:\git_project\Algorithm_Project\Alg_repo\Debug\link.3852-cvtres.read.1.tlog
C:\git_project\Algorithm_Project\Alg_repo\Debug\link.3852-cvtres.write.1.tlog
C:\git_project\Algorithm_Project\Alg_repo\Debug\link.3852-rc.read.1.tlog
C:\git_project\Algorithm_Project\Alg_repo\Debug\link.3852-rc.write.1.tlog
C:\git_project\Algorithm_Project\Alg_repo\Debug\link.3852.read.1.tlog
C:\git_project\Algorithm_Project\Alg_repo\Debug\link.3852.write.1.tlog
C:\git_project\Algorithm_Project\Alg_repo\Debug\link.3868-cvtres.read.1.tlog
C:\git_project\Algorithm_Project\Alg_repo\Debug\link.3868-cvtres.write.1.tlog
C:\git_project\Algorithm_Project\Alg_repo\Debug\link.3868-rc.read.1.tlog
C:\git_project\Algorithm_Project\Alg_repo\Debug\link.3868-rc.write.1.tlog
C:\git_project\Algorithm_Project\Alg_repo\Debug\link.3868.read.1.tlog
C:\git_project\Algorithm_Project\Alg_repo\Debug\link.3868.write.1.tlog
C:\git_project\Algorithm_Project\Alg_repo\Debug\link.3916-cvtres.read.1.tlog
C:\git_project\Algorithm_Project\Alg_repo\Debug\link.3916-cvtres.write.1.tlog
C:\git_project\Algorithm_Project\Alg_repo\Debug\link.3916-rc.read.1.tlog
C:\git_project\Algorithm_Project\Alg_repo\Debug\link.3916-rc.write.1.tlog
C:\git_project\Algorithm_Project\Alg_repo\Debug\link.3916.read.1.tlog
C:\git_project\Algorithm_Project\Alg_repo\Debug\link.3916.write.1.tlog
C:\git_project\Algorithm_Project\Alg_repo\Debug\link.3984-cvtres.read.1.tlog
C:\git_project\Algorithm_Project\Alg_repo\Debug\link.3984-cvtres.write.1.tlog
C:\git_project\Algorithm_Project\Alg_repo\Debug\link.3984-rc.read.1.tlog
C:\git_project\Algorithm_Project\Alg_repo\Debug\link.3984-rc.write.1.tlog
C:\git_project\Algorithm_Project\Alg_repo\Debug\link.3984.read.1.tlog
C:\git_project\Algorithm_Project\Alg_repo\Debug\link.3984.write.1.tlog
C:\git_project\Algorithm_Project\Alg_repo\Debug\link.4064-cvtres.read.1.tlog
C:\git_project\Algorithm_Project\Alg_repo\Debug\link.4064-cvtres.write.1.tlog
C:\git_project\Algorithm_Project\Alg_repo\Debug\link.4064-rc.read.1.tlog
C:\git_project\Algorithm_Project\Alg_repo\Debug\link.4064-rc.write.1.tlog
C:\git_project\Algorithm_Project\Alg_repo\Debug\link.4064.read.1.tlog
C:\git_project\Algorithm_Project\Alg_repo\Debug\link.4064.write.1.tlog
C:\git_project\Algorithm_Project\Alg_repo\Debug\link.4292-cvtres.read.1.tlog
C:\git_project\Algorithm_Project\Alg_repo\Debug\link.4292-cvtres.write.1.tlog
C:\git_project\Algorithm_Project\Alg_repo\Debug\link.4292-rc.read.1.tlog
C:\git_project\Algorithm_Project\Alg_repo\Debug\link.4292-rc.write.1.tlog
C:\git_project\Algorithm_Project\Alg_repo\Debug\link.4292.read.1.tlog
C:\git_project\Algorithm_Project\Alg_repo\Debug\link.4292.write.1.tlog
C:\git_project\Algorithm_Project\Alg_repo\Debug\link.4320-cvtres.read.1.tlog
C:\git_project\Algorithm_Project\Alg_repo\Debug\link.4320-cvtres.write.1.tlog
C:\git_project\Algorithm_Project\Alg_repo\Debug\link.4320-rc.read.1.tlog
C:\git_project\Algorithm_Project\Alg_repo\Debug\link.4320-rc.write.1.tlog
C:\git_project\Algorithm_Project\Alg_repo\Debug\link.4320.read.1.tlog
C:\git_project\Algorithm_Project\Alg_repo\Debug\link.4320.write.1.tlog
C:\git_project\Algorithm_Project\Alg_repo\Debug\link.4364-cvtres.read.1.tlog
C:\git_project\Algorithm_Project\Alg_repo\Debug\link.4364-cvtres.write.1.tlog
C:\git_project\Algorithm_Project\Alg_repo\Debug\link.4364-rc.read.1.tlog
C:\git_project\Algorithm_Project\Alg_repo\Debug\link.4364-rc.write.1.tlog
C:\git_project\Algorithm_Project\Alg_repo\Debug\link.4364.read.1.tlog
C:\git_project\Algorithm_Project\Alg_repo\Debug\link.4364.write.1.tlog
C:\git_project\Algorithm_Project\Alg_repo\Debug\link.4464-cvtres.read.1.tlog
C:\git_project\Algorithm_Project\Alg_repo\Debug\link.4464-cvtres.write.1.tlog
C:\git_project\Algorithm_Project\Alg_repo\Debug\link.4464-rc.read.1.tlog
C:\git_project\Algorithm_Project\Alg_repo\Debug\link.4464-rc.write.1.tlog
C:\git_project\Algorithm_Project\Alg_repo\Debug\link.4464.read.1.tlog
C:\git_project\Algorithm_Project\Alg_repo\Debug\link.4464.write.1.tlog
C:\git_project\Algorithm_Project\Alg_repo\Debug\link.4500-cvtres.read.1.tlog
C:\git_project\Algorithm_Project\Alg_repo\Debug\link.4500-cvtres.write.1.tlog
C:\git_project\Algorithm_Project\Alg_repo\Debug\link.4500-rc.read.1.tlog
C:\git_project\Algorithm_Project\Alg_repo\Debug\link.4500-rc.write.1.tlog
C:\git_project\Algorithm_Project\Alg_repo\Debug\link.4500.read.1.tlog
C:\git_project\Algorithm_Project\Alg_repo\Debug\link.4500.write.1.tlog
C:\git_project\Algorithm_Project\Alg_repo\Debug\link.4552-cvtres.read.1.tlog
C:\git_project\Algorithm_Project\Alg_repo\Debug\link.4552-cvtres.write.1.tlog
C:\git_project\Algorithm_Project\Alg_repo\Debug\link.4552-rc.read.1.tlog
C:\git_project\Algorithm_Project\Alg_repo\Debug\link.4552-rc.write.1.tlog
C:\git_project\Algorithm_Project\Alg_repo\Debug\link.4552.read.1.tlog
C:\git_project\Algorithm_Project\Alg_repo\Debug\link.4552.write.1.tlog
C:\git_project\Algorithm_Project\Alg_repo\Debug\link.468-cvtres.read.1.tlog
C:\git_project\Algorithm_Project\Alg_repo\Debug\link.468-cvtres.write.1.tlog
C:\git_project\Algorithm_Project\Alg_repo\Debug\link.468-rc.read.1.tlog
C:\git_project\Algorithm_Project\Alg_repo\Debug\link.468-rc.write.1.tlog
C:\git_project\Algorithm_Project\Alg_repo\Debug\link.468.read.1.tlog
C:\git_project\Algorithm_Project\Alg_repo\Debug\link.468.write.1.tlog
C:\git_project\Algorithm_Project\Alg_repo\Debug\link.4740-cvtres.read.1.tlog
C:\git_project\Algorithm_Project\Alg_repo\Debug\link.4740-cvtres.write.1.tlog
C:\git_project\Algorithm_Project\Alg_repo\Debug\link.4740-rc.read.1.tlog
C:\git_project\Algorithm_Project\Alg_repo\Debug\link.4740-rc.write.1.tlog
C:\git_project\Algorithm_Project\Alg_repo\Debug\link.4740.read.1.tlog
C:\git_project\Algorithm_Project\Alg_repo\Debug\link.4740.write.1.tlog
C:\git_project\Algorithm_Project\Alg_repo\Debug\link.4780-cvtres.read.1.tlog
C:\git_project\Algorithm_Project\Alg_repo\Debug\link.4780-cvtres.write.1.tlog
C:\git_project\Algorithm_Project\Alg_repo\Debug\link.4780-rc.read.1.tlog
C:\git_project\Algorithm_Project\Alg_repo\Debug\link.4780-rc.write.1.tlog
C:\git_project\Algorithm_Project\Alg_repo\Debug\link.4780.read.1.tlog
C:\git_project\Algorithm_Project\Alg_repo\Debug\link.4780.write.1.tlog
C:\git_project\Algorithm_Project\Alg_repo\Debug\link.4812-cvtres.read.1.tlog
C:\git_project\Algorithm_Project\Alg_repo\Debug\link.4812-cvtres.write.1.tlog
C:\git_project\Algorithm_Project\Alg_repo\Debug\link.4812-rc.read.1.tlog
C:\git_project\Algorithm_Project\Alg_repo\Debug\link.4812-rc.write.1.tlog
C:\git_project\Algorithm_Project\Alg_repo\Debug\link.4812.read.1.tlog
C:\git_project\Algorithm_Project\Alg_repo\Debug\link.4812.write.1.tlog
C:\git_project\Algorithm_Project\Alg_repo\Debug\link.4916-cvtres.read.1.tlog
C:\git_project\Algorithm_Project\Alg_repo\Debug\link.4916-cvtres.write.1.tlog
C:\git_project\Algorithm_Project\Alg_repo\Debug\link.4916-rc.read.1.tlog
C:\git_project\Algorithm_Project\Alg_repo\Debug\link.4916-rc.write.1.tlog
C:\git_project\Algorithm_Project\Alg_repo\Debug\link.4916.read.1.tlog
C:\git_project\Algorithm_Project\Alg_repo\Debug\link.4916.write.1.tlog
C:\git_project\Algorithm_Project\Alg_repo\Debug\link.5076-cvtres.read.1.tlog
C:\git_project\Algorithm_Project\Alg_repo\Debug\link.5076-cvtres.write.1.tlog
C:\git_project\Algorithm_Project\Alg_repo\Debug\link.5076-rc.read.1.tlog
C:\git_project\Algorithm_Project\Alg_repo\Debug\link.5076-rc.write.1.tlog
C:\git_project\Algorithm_Project\Alg_repo\Debug\link.5076.read.1.tlog
C:\git_project\Algorithm_Project\Alg_repo\Debug\link.5076.write.1.tlog
C:\git_project\Algorithm_Project\Alg_repo\Debug\link.5108-cvtres.read.1.tlog
C:\git_project\Algorithm_Project\Alg_repo\Debug\link.5108-cvtres.write.1.tlog
C:\git_project\Algorithm_Project\Alg_repo\Debug\link.5108-rc.read.1.tlog
C:\git_project\Algorithm_Project\Alg_repo\Debug\link.5108-rc.write.1.tlog
C:\git_project\Algorithm_Project\Alg_repo\Debug\link.5108.read.1.tlog
C:\git_project\Algorithm_Project\Alg_repo\Debug\link.5108.write.1.tlog
C:\git_project\Algorithm_Project\Alg_repo\Debug\link.5152-cvtres.read.1.tlog
C:\git_project\Algorithm_Project\Alg_repo\Debug\link.5152-cvtres.write.1.tlog
C:\git_project\Algorithm_Project\Alg_repo\Debug\link.5152-rc.read.1.tlog
C:\git_project\Algorithm_Project\Alg_repo\Debug\link.5152-rc.write.1.tlog
C:\git_project\Algorithm_Project\Alg_repo\Debug\link.5152.read.1.tlog
C:\git_project\Algorithm_Project\Alg_repo\Debug\link.5152.write.1.tlog
C:\git_project\Algorithm_Project\Alg_repo\Debug\link.5156-cvtres.read.1.tlog
C:\git_project\Algorithm_Project\Alg_repo\Debug\link.5156-cvtres.write.1.tlog
C:\git_project\Algorithm_Project\Alg_repo\Debug\link.5156-rc.read.1.tlog
C:\git_project\Algorithm_Project\Alg_repo\Debug\link.5156-rc.write.1.tlog
C:\git_project\Algorithm_Project\Alg_repo\Debug\link.5156.read.1.tlog
C:\git_project\Algorithm_Project\Alg_repo\Debug\link.5156.write.1.tlog
C:\git_project\Algorithm_Project\Alg_repo\Debug\link.5228-cvtres.read.1.tlog
C:\git_project\Algorithm_Project\Alg_repo\Debug\link.5228-cvtres.write.1.tlog
C:\git_project\Algorithm_Project\Alg_repo\Debug\link.5228-rc.read.1.tlog
C:\git_project\Algorithm_Project\Alg_repo\Debug\link.5228-rc.write.1.tlog
C:\git_project\Algorithm_Project\Alg_repo\Debug\link.5228.read.1.tlog
C:\git_project\Algorithm_Project\Alg_repo\Debug\link.5228.write.1.tlog
C:\git_project\Algorithm_Project\Alg_repo\Debug\link.5236-cvtres.read.1.tlog
C:\git_project\Algorithm_Project\Alg_repo\Debug\link.5236-cvtres.write.1.tlog
C:\git_project\Algorithm_Project\Alg_repo\Debug\link.5236-rc.read.1.tlog
C:\git_project\Algorithm_Project\Alg_repo\Debug\link.5236-rc.write.1.tlog
C:\git_project\Algorithm_Project\Alg_repo\Debug\link.5236.read.1.tlog
C:\git_project\Algorithm_Project\Alg_repo\Debug\link.5236.write.1.tlog
C:\git_project\Algorithm_Project\Alg_repo\Debug\link.5268-cvtres.read.1.tlog
C:\git_project\Algorithm_Project\Alg_repo\Debug\link.5268-cvtres.write.1.tlog
C:\git_project\Algorithm_Project\Alg_repo\Debug\link.5268-rc.read.1.tlog
C:\git_project\Algorithm_Project\Alg_repo\Debug\link.5268-rc.write.1.tlog
C:\git_project\Algorithm_Project\Alg_repo\Debug\link.5268.read.1.tlog
C:\git_project\Algorithm_Project\Alg_repo\Debug\link.5268.write.1.tlog
C:\git_project\Algorithm_Project\Alg_repo\Debug\link.5296-cvtres.read.1.tlog
C:\git_project\Algorithm_Project\Alg_repo\Debug\link.5296-cvtres.write.1.tlog
C:\git_project\Algorithm_Project\Alg_repo\Debug\link.5296-rc.read.1.tlog
C:\git_project\Algorithm_Project\Alg_repo\Debug\link.5296-rc.write.1.tlog
C:\git_project\Algorithm_Project\Alg_repo\Debug\link.5296.read.1.tlog
C:\git_project\Algorithm_Project\Alg_repo\Debug\link.5296.write.1.tlog
C:\git_project\Algorithm_Project\Alg_repo\Debug\link.5360-cvtres.read.1.tlog
C:\git_project\Algorithm_Project\Alg_repo\Debug\link.5360-cvtres.write.1.tlog
C:\git_project\Algorithm_Project\Alg_repo\Debug\link.5360-rc.read.1.tlog
C:\git_project\Algorithm_Project\Alg_repo\Debug\link.5360-rc.write.1.tlog
C:\git_project\Algorithm_Project\Alg_repo\Debug\link.5360.read.1.tlog
C:\git_project\Algorithm_Project\Alg_repo\Debug\link.5360.write.1.tlog
C:\git_project\Algorithm_Project\Alg_repo\Debug\link.5416-cvtres.read.1.tlog
C:\git_project\Algorithm_Project\Alg_repo\Debug\link.5416-cvtres.write.1.tlog
C:\git_project\Algorithm_Project\Alg_repo\Debug\link.5416-rc.read.1.tlog
C:\git_project\Algorithm_Project\Alg_repo\Debug\link.5416-rc.write.1.tlog
C:\git_project\Algorithm_Project\Alg_repo\Debug\link.5416.read.1.tlog
C:\git_project\Algorithm_Project\Alg_repo\Debug\link.5416.write.1.tlog
C:\git_project\Algorithm_Project\Alg_repo\Debug\link.5532-cvtres.read.1.tlog
C:\git_project\Algorithm_Project\Alg_repo\Debug\link.5532-cvtres.write.1.tlog
C:\git_project\Algorithm_Project\Alg_repo\Debug\link.5532-rc.read.1.tlog
C:\git_project\Algorithm_Project\Alg_repo\Debug\link.5532-rc.write.1.tlog
C:\git_project\Algorithm_Project\Alg_repo\Debug\link.5532.read.1.tlog
C:\git_project\Algorithm_Project\Alg_repo\Debug\link.5532.write.1.tlog
C:\git_project\Algorithm_Project\Alg_repo\Debug\link.5604-cvtres.read.1.tlog
C:\git_project\Algorithm_Project\Alg_repo\Debug\link.5604-cvtres.write.1.tlog
C:\git_project\Algorithm_Project\Alg_repo\Debug\link.5604-rc.read.1.tlog
C:\git_project\Algorithm_Project\Alg_repo\Debug\link.5604-rc.write.1.tlog
C:\git_project\Algorithm_Project\Alg_repo\Debug\link.5604.read.1.tlog
C:\git_project\Algorithm_Project\Alg_repo\Debug\link.5604.write.1.tlog
C:\git_project\Algorithm_Project\Alg_repo\Debug\link.5624-cvtres.read.1.tlog
C:\git_project\Algorithm_Project\Alg_repo\Debug\link.5624-cvtres.write.1.tlog
C:\git_project\Algorithm_Project\Alg_repo\Debug\link.5624-rc.read.1.tlog
C:\git_project\Algorithm_Project\Alg_repo\Debug\link.5624-rc.write.1.tlog
C:\git_project\Algorithm_Project\Alg_repo\Debug\link.5624.read.1.tlog
C:\git_project\Algorithm_Project\Alg_repo\Debug\link.5624.write.1.tlog
C:\git_project\Algorithm_Project\Alg_repo\Debug\link.5748-cvtres.read.1.tlog
C:\git_project\Algorithm_Project\Alg_repo\Debug\link.5748-cvtres.write.1.tlog
C:\git_project\Algorithm_Project\Alg_repo\Debug\link.5748-rc.read.1.tlog
C:\git_project\Algorithm_Project\Alg_repo\Debug\link.5748-rc.write.1.tlog
C:\git_project\Algorithm_Project\Alg_repo\Debug\link.5748.read.1.tlog
C:\git_project\Algorithm_Project\Alg_repo\Debug\link.5748.write.1.tlog
C:\git_project\Algorithm_Project\Alg_repo\Debug\link.5760-cvtres.read.1.tlog
C:\git_project\Algorithm_Project\Alg_repo\Debug\link.5760-cvtres.write.1.tlog
C:\git_project\Algorithm_Project\Alg_repo\Debug\link.5760-rc.read.1.tlog
C:\git_project\Algorithm_Project\Alg_repo\Debug\link.5760-rc.write.1.tlog
C:\git_project\Algorithm_Project\Alg_repo\Debug\link.5760.read.1.tlog
C:\git_project\Algorithm_Project\Alg_repo\Debug\link.5760.write.1.tlog
C:\git_project\Algorithm_Project\Alg_repo\Debug\link.5860-cvtres.read.1.tlog
C:\git_project\Algorithm_Project\Alg_repo\Debug\link.5860-cvtres.write.1.tlog
C:\git_project\Algorithm_Project\Alg_repo\Debug\link.5860-rc.read.1.tlog
C:\git_project\Algorithm_Project\Alg_repo\Debug\link.5860-rc.write.1.tlog
C:\git_project\Algorithm_Project\Alg_repo\Debug\link.5860.read.1.tlog
C:\git_project\Algorithm_Project\Alg_repo\Debug\link.5860.write.1.tlog
C:\git_project\Algorithm_Project\Alg_repo\Debug\link.5864-cvtres.read.1.tlog
C:\git_project\Algorithm_Project\Alg_repo\Debug\link.5864-cvtres.write.1.tlog
C:\git_project\Algorithm_Project\Alg_repo\Debug\link.5864-rc.read.1.tlog
C:\git_project\Algorithm_Project\Alg_repo\Debug\link.5864-rc.write.1.tlog
C:\git_project\Algorithm_Project\Alg_repo\Debug\link.5864.read.1.tlog
C:\git_project\Algorithm_Project\Alg_repo\Debug\link.5864.write.1.tlog
C:\git_project\Algorithm_Project\Alg_repo\Debug\link.6012-cvtres.read.1.tlog
C:\git_project\Algorithm_Project\Alg_repo\Debug\link.6012-cvtres.write.1.tlog
C:\git_project\Algorithm_Project\Alg_repo\Debug\link.6012-rc.read.1.tlog
C:\git_project\Algorithm_Project\Alg_repo\Debug\link.6012-rc.write.1.tlog
C:\git_project\Algorithm_Project\Alg_repo\Debug\link.6012.read.1.tlog
C:\git_project\Algorithm_Project\Alg_repo\Debug\link.6012.write.1.tlog
C:\git_project\Algorithm_Project\Alg_repo\Debug\link.6176-cvtres.read.1.tlog
C:\git_project\Algorithm_Project\Alg_repo\Debug\link.6176-cvtres.write.1.tlog
C:\git_project\Algorithm_Project\Alg_repo\Debug\link.6176-rc.read.1.tlog
C:\git_project\Algorithm_Project\Alg_repo\Debug\link.6176-rc.write.1.tlog
C:\git_project\Algorithm_Project\Alg_repo\Debug\link.6176.read.1.tlog
C:\git_project\Algorithm_Project\Alg_repo\Debug\link.6176.write.1.tlog
C:\git_project\Algorithm_Project\Alg_repo\Debug\link.6240-cvtres.read.1.tlog
C:\git_project\Algorithm_Project\Alg_repo\Debug\link.6240-cvtres.write.1.tlog
C:\git_project\Algorithm_Project\Alg_repo\Debug\link.6240-rc.read.1.tlog
C:\git_project\Algorithm_Project\Alg_repo\Debug\link.6240-rc.write.1.tlog
C:\git_project\Algorithm_Project\Alg_repo\Debug\link.6240.read.1.tlog
C:\git_project\Algorithm_Project\Alg_repo\Debug\link.6240.write.1.tlog
C:\git_project\Algorithm_Project\Alg_repo\Debug\link.628-cvtres.read.1.tlog
C:\git_project\Algorithm_Project\Alg_repo\Debug\link.628-cvtres.write.1.tlog
C:\git_project\Algorithm_Project\Alg_repo\Debug\link.628-rc.read.1.tlog
C:\git_project\Algorithm_Project\Alg_repo\Debug\link.628-rc.write.1.tlog
C:\git_project\Algorithm_Project\Alg_repo\Debug\link.628.read.1.tlog
C:\git_project\Algorithm_Project\Alg_repo\Debug\link.628.write.1.tlog
C:\git_project\Algorithm_Project\Alg_repo\Debug\link.6288-cvtres.read.1.tlog
C:\git_project\Algorithm_Project\Alg_repo\Debug\link.6288-cvtres.write.1.tlog
C:\git_project\Algorithm_Project\Alg_repo\Debug\link.6288-rc.read.1.tlog
C:\git_project\Algorithm_Project\Alg_repo\Debug\link.6288-rc.write.1.tlog
C:\git_project\Algorithm_Project\Alg_repo\Debug\link.6288.read.1.tlog
C:\git_project\Algorithm_Project\Alg_repo\Debug\link.6288.write.1.tlog
C:\git_project\Algorithm_Project\Alg_repo\Debug\link.6316-cvtres.read.1.tlog
C:\git_project\Algorithm_Project\Alg_repo\Debug\link.6316-cvtres.write.1.tlog
C:\git_project\Algorithm_Project\Alg_repo\Debug\link.6316-rc.read.1.tlog
C:\git_project\Algorithm_Project\Alg_repo\Debug\link.6316-rc.write.1.tlog
C:\git_project\Algorithm_Project\Alg_repo\Debug\link.6316.read.1.tlog
C:\git_project\Algorithm_Project\Alg_repo\Debug\link.6316.write.1.tlog
C:\git_project\Algorithm_Project\Alg_repo\Debug\link.6356-cvtres.read.1.tlog
C:\git_project\Algorithm_Project\Alg_repo\Debug\link.6356-cvtres.write.1.tlog
C:\git_project\Algorithm_Project\Alg_repo\Debug\link.6356-rc.read.1.tlog
C:\git_project\Algorithm_Project\Alg_repo\Debug\link.6356-rc.write.1.tlog
C:\git_project\Algorithm_Project\Alg_repo\Debug\link.6356.read.1.tlog
C:\git_project\Algorithm_Project\Alg_repo\Debug\link.6356.write.1.tlog
C:\git_project\Algorithm_Project\Alg_repo\Debug\link.6452-cvtres.read.1.tlog
C:\git_project\Algorithm_Project\Alg_repo\Debug\link.6452-cvtres.write.1.tlog
C:\git_project\Algorithm_Project\Alg_repo\Debug\link.6452-rc.read.1.tlog
C:\git_project\Algorithm_Project\Alg_repo\Debug\link.6452-rc.write.1.tlog
C:\git_project\Algorithm_Project\Alg_repo\Debug\link.6452.read.1.tlog
C:\git_project\Algorithm_Project\Alg_repo\Debug\link.6452.write.1.tlog
C:\git_project\Algorithm_Project\Alg_repo\Debug\link.6468-cvtres.read.1.tlog
C:\git_project\Algorithm_Project\Alg_repo\Debug\link.6468-cvtres.write.1.tlog
C:\git_project\Algorithm_Project\Alg_repo\Debug\link.6468-rc.read.1.tlog
C:\git_project\Algorithm_Project\Alg_repo\Debug\link.6468-rc.write.1.tlog
C:\git_project\Algorithm_Project\Alg_repo\Debug\link.6468.read.1.tlog
C:\git_project\Algorithm_Project\Alg_repo\Debug\link.6468.write.1.tlog
C:\git_project\Algorithm_Project\Alg_repo\Debug\link.6544-cvtres.read.1.tlog
C:\git_project\Algorithm_Project\Alg_repo\Debug\link.6544-cvtres.write.1.tlog
C:\git_project\Algorithm_Project\Alg_repo\Debug\link.6544-rc.read.1.tlog
C:\git_project\Algorithm_Project\Alg_repo\Debug\link.6544-rc.write.1.tlog
C:\git_project\Algorithm_Project\Alg_repo\Debug\link.6544.read.1.tlog
C:\git_project\Algorithm_Project\Alg_repo\Debug\link.6544.write.1.tlog
C:\git_project\Algorithm_Project\Alg_repo\Debug\link.6552-cvtres.read.1.tlog
C:\git_project\Algorithm_Project\Alg_repo\Debug\link.6552-cvtres.write.1.tlog
C:\git_project\Algorithm_Project\Alg_repo\Debug\link.6552-rc.read.1.tlog
C:\git_project\Algorithm_Project\Alg_repo\Debug\link.6552-rc.write.1.tlog
C:\git_project\Algorithm_Project\Alg_repo\Debug\link.6552.read.1.tlog
C:\git_project\Algorithm_Project\Alg_repo\Debug\link.6552.write.1.tlog
C:\git_project\Algorithm_Project\Alg_repo\Debug\link.6564-cvtres.read.1.tlog
C:\git_project\Algorithm_Project\Alg_repo\Debug\link.6564-cvtres.write.1.tlog
C:\git_project\Algorithm_Project\Alg_repo\Debug\link.6564-rc.read.1.tlog
C:\git_project\Algorithm_Project\Alg_repo\Debug\link.6564-rc.write.1.tlog
C:\git_project\Algorithm_Project\Alg_repo\Debug\link.6564.read.1.tlog
C:\git_project\Algorithm_Project\Alg_repo\Debug\link.6564.write.1.tlog
C:\git_project\Algorithm_Project\Alg_repo\Debug\link.6668-cvtres.read.1.tlog
C:\git_project\Algorithm_Project\Alg_repo\Debug\link.6668-cvtres.write.1.tlog
C:\git_project\Algorithm_Project\Alg_repo\Debug\link.6668-rc.read.1.tlog
C:\git_project\Algorithm_Project\Alg_repo\Debug\link.6668-rc.write.1.tlog
C:\git_project\Algorithm_Project\Alg_repo\Debug\link.6668.read.1.tlog
C:\git_project\Algorithm_Project\Alg_repo\Debug\link.6668.write.1.tlog
C:\git_project\Algorithm_Project\Alg_repo\Debug\link.6700-cvtres.read.1.tlog
C:\git_project\Algorithm_Project\Alg_repo\Debug\link.6700-cvtres.write.1.tlog
C:\git_project\Algorithm_Project\Alg_repo\Debug\link.6700-rc.read.1.tlog
C:\git_project\Algorithm_Project\Alg_repo\Debug\link.6700-rc.write.1.tlog
C:\git_project\Algorithm_Project\Alg_repo\Debug\link.6700.read.1.tlog
C:\git_project\Algorithm_Project\Alg_repo\Debug\link.6700.write.1.tlog
C:\git_project\Algorithm_Project\Alg_repo\Debug\link.6716-cvtres.read.1.tlog
C:\git_project\Algorithm_Project\Alg_repo\Debug\link.6716-cvtres.write.1.tlog
C:\git_project\Algorithm_Project\Alg_repo\Debug\link.6716-rc.read.1.tlog
C:\git_project\Algorithm_Project\Alg_repo\Debug\link.6716-rc.write.1.tlog
C:\git_project\Algorithm_Project\Alg_repo\Debug\link.6716.read.1.tlog
C:\git_project\Algorithm_Project\Alg_repo\Debug\link.6716.write.1.tlog
C:\git_project\Algorithm_Project\Alg_repo\Debug\link.6724-cvtres.read.1.tlog
C:\git_project\Algorithm_Project\Alg_repo\Debug\link.6724-cvtres.write.1.tlog
C:\git_project\Algorithm_Project\Alg_repo\Debug\link.6724-rc.read.1.tlog
C:\git_project\Algorithm_Project\Alg_repo\Debug\link.6724-rc.write.1.tlog
C:\git_project\Algorithm_Project\Alg_repo\Debug\link.6724.read.1.tlog
C:\git_project\Algorithm_Project\Alg_repo\Debug\link.6724.write.1.tlog
C:\git_project\Algorithm_Project\Alg_repo\Debug\link.6736-cvtres.read.1.tlog
C:\git_project\Algorithm_Project\Alg_repo\Debug\link.6736-cvtres.write.1.tlog
C:\git_project\Algorithm_Project\Alg_repo\Debug\link.6736-rc.read.1.tlog
C:\git_project\Algorithm_Project\Alg_repo\Debug\link.6736-rc.write.1.tlog
C:\git_project\Algorithm_Project\Alg_repo\Debug\link.6736.read.1.tlog
C:\git_project\Algorithm_Project\Alg_repo\Debug\link.6736.write.1.tlog
C:\git_project\Algorithm_Project\Alg_repo\Debug\link.6828-cvtres.read.1.tlog
C:\git_project\Algorithm_Project\Alg_repo\Debug\link.6828-cvtres.write.1.tlog
C:\git_project\Algorithm_Project\Alg_repo\Debug\link.6828-rc.read.1.tlog
C:\git_project\Algorithm_Project\Alg_repo\Debug\link.6828-rc.write.1.tlog
C:\git_project\Algorithm_Project\Alg_repo\Debug\link.6828.read.1.tlog
C:\git_project\Algorithm_Project\Alg_repo\Debug\link.6828.write.1.tlog
C:\git_project\Algorithm_Project\Alg_repo\Debug\link.684-cvtres.read.1.tlog
C:\git_project\Algorithm_Project\Alg_repo\Debug\link.684-cvtres.write.1.tlog
C:\git_project\Algorithm_Project\Alg_repo\Debug\link.684-rc.read.1.tlog
C:\git_project\Algorithm_Project\Alg_repo\Debug\link.684-rc.write.1.tlog
C:\git_project\Algorithm_Project\Alg_repo\Debug\link.684.read.1.tlog
C:\git_project\Algorithm_Project\Alg_repo\Debug\link.684.write.1.tlog
C:\git_project\Algorithm_Project\Alg_repo\Debug\link.6872-cvtres.read.1.tlog
C:\git_project\Algorithm_Project\Alg_repo\Debug\link.6872-cvtres.write.1.tlog
C:\git_project\Algorithm_Project\Alg_repo\Debug\link.6872-rc.read.1.tlog
C:\git_project\Algorithm_Project\Alg_repo\Debug\link.6872-rc.write.1.tlog
C:\git_project\Algorithm_Project\Alg_repo\Debug\link.6872.read.1.tlog
C:\git_project\Algorithm_Project\Alg_repo\Debug\link.6872.write.1.tlog
C:\git_project\Algorithm_Project\Alg_repo\Debug\link.6928-cvtres.read.1.tlog
C:\git_project\Algorithm_Project\Alg_repo\Debug\link.6928-cvtres.write.1.tlog
C:\git_project\Algorithm_Project\Alg_repo\Debug\link.6928-rc.read.1.tlog
C:\git_project\Algorithm_Project\Alg_repo\Debug\link.6928-rc.write.1.tlog
C:\git_project\Algorithm_Project\Alg_repo\Debug\link.6928.read.1.tlog
C:\git_project\Algorithm_Project\Alg_repo\Debug\link.6928.write.1.tlog
C:\git_project\Algorithm_Project\Alg_repo\Debug\link.6992-cvtres.read.1.tlog
C:\git_project\Algorithm_Project\Alg_repo\Debug\link.6992-cvtres.write.1.tlog
C:\git_project\Algorithm_Project\Alg_repo\Debug\link.6992-rc.read.1.tlog
C:\git_project\Algorithm_Project\Alg_repo\Debug\link.6992-rc.write.1.tlog
C:\git_project\Algorithm_Project\Alg_repo\Debug\link.6992.read.1.tlog
C:\git_project\Algorithm_Project\Alg_repo\Debug\link.6992.write.1.tlog
C:\git_project\Algorithm_Project\Alg_repo\Debug\link.7008-cvtres.read.1.tlog
C:\git_project\Algorithm_Project\Alg_repo\Debug\link.7008-cvtres.write.1.tlog
C:\git_project\Algorithm_Project\Alg_repo\Debug\link.7008-rc.read.1.tlog
C:\git_project\Algorithm_Project\Alg_repo\Debug\link.7008-rc.write.1.tlog
C:\git_project\Algorithm_Project\Alg_repo\Debug\link.7008.read.1.tlog
C:\git_project\Algorithm_Project\Alg_repo\Debug\link.7008.write.1.tlog
C:\git_project\Algorithm_Project\Alg_repo\Debug\link.704-cvtres.read.1.tlog
C:\git_project\Algorithm_Project\Alg_repo\Debug\link.704-cvtres.write.1.tlog
C:\git_project\Algorithm_Project\Alg_repo\Debug\link.704-rc.read.1.tlog
C:\git_project\Algorithm_Project\Alg_repo\Debug\link.704-rc.write.1.tlog
C:\git_project\Algorithm_Project\Alg_repo\Debug\link.704.read.1.tlog
C:\git_project\Algorithm_Project\Alg_repo\Debug\link.704.write.1.tlog
C:\git_project\Algorithm_Project\Alg_repo\Debug\link.7200-cvtres.read.1.tlog
C:\git_project\Algorithm_Project\Alg_repo\Debug\link.7200-cvtres.write.1.tlog
C:\git_project\Algorithm_Project\Alg_repo\Debug\link.7200-rc.read.1.tlog
C:\git_project\Algorithm_Project\Alg_repo\Debug\link.7200-rc.write.1.tlog
C:\git_project\Algorithm_Project\Alg_repo\Debug\link.7200.read.1.tlog
C:\git_project\Algorithm_Project\Alg_repo\Debug\link.7200.write.1.tlog
C:\git_project\Algorithm_Project\Alg_repo\Debug\link.7228-cvtres.read.1.tlog
C:\git_project\Algorithm_Project\Alg_repo\Debug\link.7228-cvtres.write.1.tlog
C:\git_project\Algorithm_Project\Alg_repo\Debug\link.7228-rc.read.1.tlog
C:\git_project\Algorithm_Project\Alg_repo\Debug\link.7228-rc.write.1.tlog
C:\git_project\Algorithm_Project\Alg_repo\Debug\link.7228.read.1.tlog
C:\git_project\Algorithm_Project\Alg_repo\Debug\link.7228.write.1.tlog
C:\git_project\Algorithm_Project\Alg_repo\Debug\link.7236-cvtres.read.1.tlog
C:\git_project\Algorithm_Project\Alg_repo\Debug\link.7236-cvtres.write.1.tlog
C:\git_project\Algorithm_Project\Alg_repo\Debug\link.7236-rc.read.1.tlog
C:\git_project\Algorithm_Project\Alg_repo\Debug\link.7236-rc.write.1.tlog
C:\git_project\Algorithm_Project\Alg_repo\Debug\link.7236.read.1.tlog
C:\git_project\Algorithm_Project\Alg_repo\Debug\link.7236.write.1.tlog
C:\git_project\Algorithm_Project\Alg_repo\Debug\link.7456-cvtres.read.1.tlog
C:\git_project\Algorithm_Project\Alg_repo\Debug\link.7456-cvtres.write.1.tlog
C:\git_project\Algorithm_Project\Alg_repo\Debug\link.7456-rc.read.1.tlog
C:\git_project\Algorithm_Project\Alg_repo\Debug\link.7456-rc.write.1.tlog
C:\git_project\Algorithm_Project\Alg_repo\Debug\link.7456.read.1.tlog
C:\git_project\Algorithm_Project\Alg_repo\Debug\link.7456.write.1.tlog
C:\git_project\Algorithm_Project\Alg_repo\Debug\link.7620-cvtres.read.1.tlog
C:\git_project\Algorithm_Project\Alg_repo\Debug\link.7620-cvtres.write.1.tlog
C:\git_project\Algorithm_Project\Alg_repo\Debug\link.7620-rc.read.1.tlog
C:\git_project\Algorithm_Project\Alg_repo\Debug\link.7620-rc.write.1.tlog
C:\git_project\Algorithm_Project\Alg_repo\Debug\link.7620.read.1.tlog
C:\git_project\Algorithm_Project\Alg_repo\Debug\link.7620.write.1.tlog
C:\git_project\Algorithm_Project\Alg_repo\Debug\link.7624-cvtres.read.1.tlog
C:\git_project\Algorithm_Project\Alg_repo\Debug\link.7624-cvtres.write.1.tlog
C:\git_project\Algorithm_Project\Alg_repo\Debug\link.7624-rc.read.1.tlog
C:\git_project\Algorithm_Project\Alg_repo\Debug\link.7624-rc.write.1.tlog
C:\git_project\Algorithm_Project\Alg_repo\Debug\link.7624.read.1.tlog
C:\git_project\Algorithm_Project\Alg_repo\Debug\link.7624.write.1.tlog
C:\git_project\Algorithm_Project\Alg_repo\Debug\link.7732-cvtres.read.1.tlog
C:\git_project\Algorithm_Project\Alg_repo\Debug\link.7732-cvtres.write.1.tlog
C:\git_project\Algorithm_Project\Alg_repo\Debug\link.7732-rc.read.1.tlog
C:\git_project\Algorithm_Project\Alg_repo\Debug\link.7732-rc.write.1.tlog
C:\git_project\Algorithm_Project\Alg_repo\Debug\link.7732.read.1.tlog
C:\git_project\Algorithm_Project\Alg_repo\Debug\link.7732.write.1.tlog
C:\git_project\Algorithm_Project\Alg_repo\Debug\link.7756-cvtres.read.1.tlog
C:\git_project\Algorithm_Project\Alg_repo\Debug\link.7756-cvtres.write.1.tlog
C:\git_project\Algorithm_Project\Alg_repo\Debug\link.7756-rc.read.1.tlog
C:\git_project\Algorithm_Project\Alg_repo\Debug\link.7756-rc.write.1.tlog
C:\git_project\Algorithm_Project\Alg_repo\Debug\link.7756.read.1.tlog
C:\git_project\Algorithm_Project\Alg_repo\Debug\link.7756.write.1.tlog
C:\git_project\Algorithm_Project\Alg_repo\Debug\link.7792-cvtres.read.1.tlog
C:\git_project\Algorithm_Project\Alg_repo\Debug\link.7792-cvtres.write.1.tlog
C:\git_project\Algorithm_Project\Alg_repo\Debug\link.7792-rc.read.1.tlog
C:\git_project\Algorithm_Project\Alg_repo\Debug\link.7792-rc.write.1.tlog
C:\git_project\Algorithm_Project\Alg_repo\Debug\link.7792.read.1.tlog
C:\git_project\Algorithm_Project\Alg_repo\Debug\link.7792.write.1.tlog
C:\git_project\Algorithm_Project\Alg_repo\Debug\link.780-cvtres.read.1.tlog
C:\git_project\Algorithm_Project\Alg_repo\Debug\link.780-cvtres.write.1.tlog
C:\git_project\Algorithm_Project\Alg_repo\Debug\link.780-rc.read.1.tlog
C:\git_project\Algorithm_Project\Alg_repo\Debug\link.780-rc.write.1.tlog
C:\git_project\Algorithm_Project\Alg_repo\Debug\link.780.read.1.tlog
C:\git_project\Algorithm_Project\Alg_repo\Debug\link.780.write.1.tlog
C:\git_project\Algorithm_Project\Alg_repo\Debug\link.7820-cvtres.read.1.tlog
C:\git_project\Algorithm_Project\Alg_repo\Debug\link.7820-cvtres.write.1.tlog
C:\git_project\Algorithm_Project\Alg_repo\Debug\link.7820-rc.read.1.tlog
C:\git_project\Algorithm_Project\Alg_repo\Debug\link.7820-rc.write.1.tlog
C:\git_project\Algorithm_Project\Alg_repo\Debug\link.7820.read.1.tlog
C:\git_project\Algorithm_Project\Alg_repo\Debug\link.7820.write.1.tlog
C:\git_project\Algorithm_Project\Alg_repo\Debug\link.7868-cvtres.read.1.tlog
C:\git_project\Algorithm_Project\Alg_repo\Debug\link.7868-cvtres.write.1.tlog
C:\git_project\Algorithm_Project\Alg_repo\Debug\link.7868-rc.read.1.tlog
C:\git_project\Algorithm_Project\Alg_repo\Debug\link.7868-rc.write.1.tlog
C:\git_project\Algorithm_Project\Alg_repo\Debug\link.7868.read.1.tlog
C:\git_project\Algorithm_Project\Alg_repo\Debug\link.7868.write.1.tlog
C:\git_project\Algorithm_Project\Alg_repo\Debug\link.7896-cvtres.read.1.tlog
C:\git_project\Algorithm_Project\Alg_repo\Debug\link.7896-cvtres.write.1.tlog
C:\git_project\Algorithm_Project\Alg_repo\Debug\link.7896-rc.read.1.tlog
C:\git_project\Algorithm_Project\Alg_repo\Debug\link.7896-rc.write.1.tlog
C:\git_project\Algorithm_Project\Alg_repo\Debug\link.7896.read.1.tlog
C:\git_project\Algorithm_Project\Alg_repo\Debug\link.7896.write.1.tlog
C:\git_project\Algorithm_Project\Alg_repo\Debug\link.7952-cvtres.read.1.tlog
C:\git_project\Algorithm_Project\Alg_repo\Debug\link.7952-cvtres.write.1.tlog
C:\git_project\Algorithm_Project\Alg_repo\Debug\link.7952-rc.read.1.tlog
C:\git_project\Algorithm_Project\Alg_repo\Debug\link.7952-rc.write.1.tlog
C:\git_project\Algorithm_Project\Alg_repo\Debug\link.7952.read.1.tlog
C:\git_project\Algorithm_Project\Alg_repo\Debug\link.7952.write.1.tlog
C:\git_project\Algorithm_Project\Alg_repo\Debug\link.7980-cvtres.read.1.tlog
C:\git_project\Algorithm_Project\Alg_repo\Debug\link.7980-cvtres.write.1.tlog
C:\git_project\Algorithm_Project\Alg_repo\Debug\link.7980-rc.read.1.tlog
C:\git_project\Algorithm_Project\Alg_repo\Debug\link.7980-rc.write.1.tlog
C:\git_project\Algorithm_Project\Alg_repo\Debug\link.7980.read.1.tlog
C:\git_project\Algorithm_Project\Alg_repo\Debug\link.7980.write.1.tlog
C:\git_project\Algorithm_Project\Alg_repo\Debug\link.8060-cvtres.read.1.tlog
C:\git_project\Algorithm_Project\Alg_repo\Debug\link.8060-cvtres.write.1.tlog
C:\git_project\Algorithm_Project\Alg_repo\Debug\link.8060-rc.read.1.tlog
C:\git_project\Algorithm_Project\Alg_repo\Debug\link.8060-rc.write.1.tlog
C:\git_project\Algorithm_Project\Alg_repo\Debug\link.8060.read.1.tlog
C:\git_project\Algorithm_Project\Alg_repo\Debug\link.8060.write.1.tlog
C:\git_project\Algorithm_Project\Alg_repo\Debug\link.8076-cvtres.read.1.tlog
C:\git_project\Algorithm_Project\Alg_repo\Debug\link.8076-cvtres.write.1.tlog
C:\git_project\Algorithm_Project\Alg_repo\Debug\link.8076-rc.read.1.tlog
C:\git_project\Algorithm_Project\Alg_repo\Debug\link.8076-rc.write.1.tlog
C:\git_project\Algorithm_Project\Alg_repo\Debug\link.8076.read.1.tlog
C:\git_project\Algorithm_Project\Alg_repo\Debug\link.8076.write.1.tlog
C:\git_project\Algorithm_Project\Alg_repo\Debug\link.8096-cvtres.read.1.tlog
C:\git_project\Algorithm_Project\Alg_repo\Debug\link.8096-cvtres.write.1.tlog
C:\git_project\Algorithm_Project\Alg_repo\Debug\link.8096-rc.read.1.tlog
C:\git_project\Algorithm_Project\Alg_repo\Debug\link.8096-rc.write.1.tlog
C:\git_project\Algorithm_Project\Alg_repo\Debug\link.8096.read.1.tlog
C:\git_project\Algorithm_Project\Alg_repo\Debug\link.8096.write.1.tlog
C:\git_project\Algorithm_Project\Alg_repo\Debug\link.8116-cvtres.read.1.tlog
C:\git_project\Algorithm_Project\Alg_repo\Debug\link.8116-cvtres.write.1.tlog
C:\git_project\Algorithm_Project\Alg_repo\Debug\link.8116-rc.read.1.tlog
C:\git_project\Algorithm_Project\Alg_repo\Debug\link.8116-rc.write.1.tlog
C:\git_project\Algorithm_Project\Alg_repo\Debug\link.8116.read.1.tlog
C:\git_project\Algorithm_Project\Alg_repo\Debug\link.8116.write.1.tlog
C:\git_project\Algorithm_Project\Alg_repo\Debug\link.8120-cvtres.read.1.tlog
C:\git_project\Algorithm_Project\Alg_repo\Debug\link.8120-cvtres.write.1.tlog
C:\git_project\Algorithm_Project\Alg_repo\Debug\link.8120-rc.read.1.tlog
C:\git_project\Algorithm_Project\Alg_repo\Debug\link.8120-rc.write.1.tlog
C:\git_project\Algorithm_Project\Alg_repo\Debug\link.8120.read.1.tlog
C:\git_project\Algorithm_Project\Alg_repo\Debug\link.8120.write.1.tlog
C:\git_project\Algorithm_Project\Alg_repo\Debug\link.8156-cvtres.read.1.tlog
C:\git_project\Algorithm_Project\Alg_repo\Debug\link.8156-cvtres.write.1.tlog
C:\git_project\Algorithm_Project\Alg_repo\Debug\link.8156-rc.read.1.tlog
C:\git_project\Algorithm_Project\Alg_repo\Debug\link.8156-rc.write.1.tlog
C:\git_project\Algorithm_Project\Alg_repo\Debug\link.8156.read.1.tlog
C:\git_project\Algorithm_Project\Alg_repo\Debug\link.8156.write.1.tlog
C:\git_project\Algorithm_Project\Alg_repo\Debug\link.840-cvtres.read.1.tlog
C:\git_project\Algorithm_Project\Alg_repo\Debug\link.840-cvtres.write.1.tlog
C:\git_project\Algorithm_Project\Alg_repo\Debug\link.840-rc.read.1.tlog
C:\git_project\Algorithm_Project\Alg_repo\Debug\link.840-rc.write.1.tlog
C:\git_project\Algorithm_Project\Alg_repo\Debug\link.840.read.1.tlog
C:\git_project\Algorithm_Project\Alg_repo\Debug\link.840.write.1.tlog
C:\git_project\Algorithm_Project\Alg_repo\Debug\link.8804-cvtres.read.1.tlog
C:\git_project\Algorithm_Project\Alg_repo\Debug\link.8804-cvtres.write.1.tlog
C:\git_project\Algorithm_Project\Alg_repo\Debug\link.8804-rc.read.1.tlog
C:\git_project\Algorithm_Project\Alg_repo\Debug\link.8804-rc.write.1.tlog
C:\git_project\Algorithm_Project\Alg_repo\Debug\link.8804.read.1.tlog
C:\git_project\Algorithm_Project\Alg_repo\Debug\link.8804.write.1.tlog
C:\git_project\Algorithm_Project\Alg_repo\Debug\link.888-cvtres.read.1.tlog
C:\git_project\Algorithm_Project\Alg_repo\Debug\link.888-cvtres.write.1.tlog
C:\git_project\Algorithm_Project\Alg_repo\Debug\link.888-rc.read.1.tlog
C:\git_project\Algorithm_Project\Alg_repo\Debug\link.888-rc.write.1.tlog
C:\git_project\Algorithm_Project\Alg_repo\Debug\link.888.read.1.tlog
C:\git_project\Algorithm_Project\Alg_repo\Debug\link.888.write.1.tlog
C:\git_project\Algorithm_Project\Alg_repo\Debug\link.928-cvtres.read.1.tlog
C:\git_project\Algorithm_Project\Alg_repo\Debug\link.928-cvtres.write.1.tlog
C:\git_project\Algorithm_Project\Alg_repo\Debug\link.928-rc.read.1.tlog
C:\git_project\Algorithm_Project\Alg_repo\Debug\link.928-rc.write.1.tlog
C:\git_project\Algorithm_Project\Alg_repo\Debug\link.928.read.1.tlog
C:\git_project\Algorithm_Project\Alg_repo\Debug\link.928.write.1.tlog
C:\git_project\Algorithm_Project\Alg_repo\Debug\link.command.1.tlog
C:\git_project\Algorithm_Project\Alg_repo\Debug\link.read.1.tlog
C:\git_project\Algorithm_Project\Alg_repo\Debug\link.write.1.tlog
C:\git_project\Algorithm_Project\Alg_repo\Debug\metagen.read.1.tlog
C:\git_project\Algorithm_Project\Alg_repo\Debug\metagen.write.1.tlog
C:\git_project\Algorithm_Project\Alg_repo\Debug\vc110.pdb
C:\git_project\Algorithm_Project\Alg_repo\Debug\RSAENH.DLL.bi
C:\git_project\Algorithm_Project\Alg_repo\Debug\TZRES.DLL.bi
C:\git_project\Algorithm_Project\Debug\Alg_repo.pdb
C:\git_project\Algorithm_Project\Debug\Alg_repo.exe
